<?xml version="1.0" encoding="UTF-8"?>
<testng-results ignored="0" total="1" passed="1" failed="0" skipped="0">
  <reporter-output>
  </reporter-output>
  <suite started-at="2025-07-05T00:32:49 EET" name="Default suite" finished-at="2025-07-05T00:32:54 EET" duration-ms="5230">
    <groups>
    </groups>
    <test started-at="2025-07-05T00:32:49 EET" name="Default test" finished-at="2025-07-05T00:32:54 EET" duration-ms="5230">
      <class name="AutomationTestCases">
        <test-method is-config="true" signature="mySetup()[pri:0, instance:AutomationTestCases@70a36a66]" started-at="2025-07-05T00:32:49 EET" name="mySetup" finished-at="2025-07-05T00:32:51 EET" duration-ms="2795" status="PASS">
          <reporter-output>
          </reporter-output>
        </test-method> <!-- mySetup -->
        <test-method signature="Signup()[pri:1, instance:AutomationTestCases@70a36a66]" started-at="2025-07-05T00:32:52 EET" name="Signup" finished-at="2025-07-05T00:32:54 EET" duration-ms="2361" status="PASS">
          <reporter-output>
          </reporter-output>
        </test-method> <!-- Signup -->
      </class> <!-- AutomationTestCases -->
    </test> <!-- Default test -->
  </suite> <!-- Default suite -->
</testng-results>
